Using pre-set license
Built from '2020.3/release' branch; Version is '2020.3.27f1 (e759542391ea) revision 15161684'; Using compiler version '192528614'; Build Type 'Release'
OS: 'Windows 10  (10.0.19044) 64bit Professional' Language: 'en' Physical Memory: 8058 MB
BatchMode: 1, IsHumanControllingUs: 0, StartBugReporterOnCrash: 0, Is64bit: 1, IsPro: 0

COMMAND LINE ARGUMENTS:
D:\Unity\UnityEditor\2020.3.27f1\Editor\Unity.exe
-adb2
-batchMode
-noUpm
-name
AssetImportWorker0
-projectPath
D:/Unity/UnityProject/Character Animation
-logFile
Logs/AssetImportWorker0.log
-srvPort
56225
Successfully changed project path to: D:/Unity/UnityProject/Character Animation
D:/Unity/UnityProject/Character Animation
Using Asset Import Pipeline V2.
Refreshing native plugins compatible for Editor in 45.78 ms, found 2 plugins.
Preloading 0 native plugins for Editor in 0.00 ms.
Initialize engine version: 2020.3.27f1 (e759542391ea)
[Subsystems] Discovering subsystems at path D:/Unity/UnityEditor/2020.3.27f1/Editor/Data/Resources/UnitySubsystems
[Subsystems] Discovering subsystems at path D:/Unity/UnityProject/Character Animation/Assets
GfxDevice: creating device client; threaded=0
Direct3D:
    Version:  Direct3D 11.0 [level 11.1]
    Renderer: NVIDIA GeForce GTX 1050 Ti (ID=0x1c8c)
    Vendor:   
    VRAM:     4018 MB
    Driver:   27.21.14.6231
Initialize mono
Mono path[0] = 'D:/Unity/UnityEditor/2020.3.27f1/Editor/Data/Managed'
Mono path[1] = 'D:/Unity/UnityEditor/2020.3.27f1/Editor/Data/MonoBleedingEdge/lib/mono/unityjit'
Mono config path = 'D:/Unity/UnityEditor/2020.3.27f1/Editor/Data/MonoBleedingEdge/etc'
Using monoOptions --debugger-agent=transport=dt_socket,embedding=1,server=y,suspend=n,address=127.0.0.1:56764
Begin MonoManager ReloadAssembly
Registering precompiled unity dll's ...
Register platform support module: D:/Unity/UnityEditor/2020.3.27f1/Editor/Data/PlaybackEngines/WindowsStandaloneSupport/UnityEditor.WindowsStandalone.Extensions.dll
Registered in 0.001667 seconds.
Native extension for WindowsStandalone target not found
Refreshing native plugins compatible for Editor in 44.63 ms, found 2 plugins.
Preloading 0 native plugins for Editor in 0.00 ms.
Mono: successfully reloaded assembly
- Completed reload, in  0.809 seconds
Domain Reload Profiling:
	ReloadAssembly (809ms)
		BeginReloadAssembly (86ms)
			ExecutionOrderSort (0ms)
			DisableScriptedObjects (0ms)
			BackupInstance (0ms)
			ReleaseScriptingObjects (0ms)
			CreateAndSetChildDomain (2ms)
		EndReloadAssembly (623ms)
			LoadAssemblies (83ms)
			RebuildTransferFunctionScriptingTraits (0ms)
			SetupTypeCache (224ms)
			ReleaseScriptCaches (0ms)
			RebuildScriptCaches (52ms)
			SetupLoadedEditorAssemblies (214ms)
				LogAssemblyErrors (0ms)
				InitializePlatformSupportModulesInManaged (7ms)
				SetLoadedEditorAssemblies (0ms)
				RefreshPlugins (45ms)
				BeforeProcessingInitializeOnLoad (17ms)
				ProcessInitializeOnLoadAttributes (109ms)
				ProcessInitializeOnLoadMethodAttributes (36ms)
				AfterProcessingInitializeOnLoad (0ms)
				EditorAssembliesLoaded (0ms)
			ExecutionOrderSort2 (0ms)
			AwakeInstancesAfterBackupRestoration (0ms)
Platform modules already initialized, skipping
Registering precompiled user dll's ...
Registered in 0.003961 seconds.
Begin MonoManager ReloadAssembly
Native extension for WindowsStandalone target not found
Refreshing native plugins compatible for Editor in 0.34 ms, found 2 plugins.
Preloading 0 native plugins for Editor in 0.00 ms.
Mono: successfully reloaded assembly
- Completed reload, in  1.257 seconds
Domain Reload Profiling:
	ReloadAssembly (1258ms)
		BeginReloadAssembly (196ms)
			ExecutionOrderSort (0ms)
			DisableScriptedObjects (7ms)
			BackupInstance (0ms)
			ReleaseScriptingObjects (0ms)
			CreateAndSetChildDomain (25ms)
		EndReloadAssembly (988ms)
			LoadAssemblies (115ms)
			RebuildTransferFunctionScriptingTraits (0ms)
			SetupTypeCache (332ms)
			ReleaseScriptCaches (0ms)
			RebuildScriptCaches (46ms)
			SetupLoadedEditorAssemblies (396ms)
				LogAssemblyErrors (0ms)
				InitializePlatformSupportModulesInManaged (7ms)
				SetLoadedEditorAssemblies (1ms)
				RefreshPlugins (0ms)
				BeforeProcessingInitializeOnLoad (91ms)
				ProcessInitializeOnLoadAttributes (279ms)
				ProcessInitializeOnLoadMethodAttributes (14ms)
				AfterProcessingInitializeOnLoad (3ms)
				EditorAssembliesLoaded (0ms)
			ExecutionOrderSort2 (0ms)
			AwakeInstancesAfterBackupRestoration (9ms)
Platform modules already initialized, skipping
========================================================================
Worker process is ready to serve import requests
Launched and connected shader compiler UnityShaderCompiler.exe after 0.09 seconds
Refreshing native plugins compatible for Editor in 0.43 ms, found 2 plugins.
Preloading 0 native plugins for Editor in 0.00 ms.
Unloading 1506 Unused Serialized files (Serialized files now loaded: 0)
System memory in use before: 69.0 MB.
System memory in use after: 69.0 MB.

Unloading 19 unused Assets to reduce memory usage. Loaded Objects now: 1938.
Total: 3.179300 ms (FindLiveObjects: 0.148700 ms CreateObjectMapping: 0.062600 ms MarkObjects: 2.872900 ms  DeleteObjects: 0.093800 ms)

AssetImportParameters requested are different than current active one (requested -> active):
  custom:framework-win-MediaFoundation: 216162199b28c13a410421893ffa2e32 -> 
  custom:video-decoder-ogg-theora: a1e56fd34408186e4bbccfd4996cb3dc -> 
  custom:container-muxer-webm: aa71ff27fc2769a1b78a27578f13a17b -> 
  custom:container-demuxer-webm: 4f35f7cbe854078d1ac9338744f61a02 -> 
  custom:container-demuxer-ogg: 62fdf1f143b41e24485cea50d1cbac27 -> 
  custom:video-encoder-webm-vp8: eb34c28f22e8b96e1ab97ce403110664 -> 
  custom:video-decoder-webm-vp8: 9c59270c3fd7afecdb556c50c9e8de78 -> 
  custom:audio-decoder-ogg-vorbis: bf7c407c2cedff20999df2af8eb42d56 -> 
  custom:audio-encoder-webm-vorbis: bf7c407c2cedff20999df2af8eb42d56 -> 
========================================================================
Received Import Request.
  path: Assets/Prefab/CardboardBox3.prefab
  artifactKey: Guid(c12cbae5e043e11449673a6b29bd211e) Importer(815301076,1909f56bfc062723c751e8b465ee728b)
Start importing Assets/Prefab/CardboardBox3.prefab using Guid(c12cbae5e043e11449673a6b29bd211e) Importer(815301076,1909f56bfc062723c751e8b465ee728b)  -> (artifact id: '586e4a98c7ff29f694c45b49407b4aac') in 0.215451 seconds 
  Import took 0.240304 seconds .

========================================================================
Received Import Request.
  Time since last request: 10.298247 seconds.
  path: Assets/Prefab/CardboardBox1 1.prefab
  artifactKey: Guid(d97a987648669494db7988d605fe8236) Importer(815301076,1909f56bfc062723c751e8b465ee728b)
Start importing Assets/Prefab/CardboardBox1 1.prefab using Guid(d97a987648669494db7988d605fe8236) Importer(815301076,1909f56bfc062723c751e8b465ee728b)  -> (artifact id: '8de0a1fa434ef7de0a20634d04a0beaf') in 0.049687 seconds 
  Import took 0.058201 seconds .

========================================================================
Received Import Request.
  Time since last request: 10.190599 seconds.
  path: Assets/Prefab/CardboardBox4.prefab
  artifactKey: Guid(07669f9bbf0904344b3f7ea8f219c741) Importer(815301076,1909f56bfc062723c751e8b465ee728b)
Start importing Assets/Prefab/CardboardBox4.prefab using Guid(07669f9bbf0904344b3f7ea8f219c741) Importer(815301076,1909f56bfc062723c751e8b465ee728b)  -> (artifact id: '46286711222aea3bd5150f0861dd356c') in 0.064951 seconds 
  Import took 0.096833 seconds .

========================================================================
Received Import Request.
  Time since last request: 9.874000 seconds.
  path: Assets/Prefab/coil.prefab
  artifactKey: Guid(f85533e5ba04e5c4e836dee025af1541) Importer(815301076,1909f56bfc062723c751e8b465ee728b)
Start importing Assets/Prefab/coil.prefab using Guid(f85533e5ba04e5c4e836dee025af1541) Importer(815301076,1909f56bfc062723c751e8b465ee728b)  -> (artifact id: '3eab16f32b11e395bba6cd0de2c9986e') in 0.048228 seconds 
  Import took 0.073775 seconds .

========================================================================
Received Import Request.
  Time since last request: 11.682185 seconds.
  path: Assets/Prefab/CardboardBox1 1.prefab
  artifactKey: Guid(d97a987648669494db7988d605fe8236) Importer(815301076,1909f56bfc062723c751e8b465ee728b)
Start importing Assets/Prefab/CardboardBox1 1.prefab using Guid(d97a987648669494db7988d605fe8236) Importer(815301076,1909f56bfc062723c751e8b465ee728b)  -> (artifact id: 'bf4bffa72d3cb515e682207f7f7c7a5e') in 0.042418 seconds 
  Import took 0.047806 seconds .

========================================================================
Received Import Request.
  Time since last request: 1.885346 seconds.
  path: Assets/Prefab/CardboardBox3.prefab
  artifactKey: Guid(c12cbae5e043e11449673a6b29bd211e) Importer(815301076,1909f56bfc062723c751e8b465ee728b)
Start importing Assets/Prefab/CardboardBox3.prefab using Guid(c12cbae5e043e11449673a6b29bd211e) Importer(815301076,1909f56bfc062723c751e8b465ee728b)  -> (artifact id: 'bb97303a27cd1b6fff1a64056c806ad4') in 0.038557 seconds 
  Import took 0.043408 seconds .

========================================================================
Received Import Request.
  Time since last request: 2.066535 seconds.
  path: Assets/Prefab/CardboardBox4.prefab
  artifactKey: Guid(07669f9bbf0904344b3f7ea8f219c741) Importer(815301076,1909f56bfc062723c751e8b465ee728b)
Start importing Assets/Prefab/CardboardBox4.prefab using Guid(07669f9bbf0904344b3f7ea8f219c741) Importer(815301076,1909f56bfc062723c751e8b465ee728b)  -> (artifact id: 'ed340add1b4270ed7226a572a0845491') in 0.051995 seconds 
  Import took 0.069893 seconds .

========================================================================
Received Import Request.
  Time since last request: 1.362592 seconds.
  path: Assets/Prefab/coil.prefab
  artifactKey: Guid(f85533e5ba04e5c4e836dee025af1541) Importer(815301076,1909f56bfc062723c751e8b465ee728b)
Start importing Assets/Prefab/coil.prefab using Guid(f85533e5ba04e5c4e836dee025af1541) Importer(815301076,1909f56bfc062723c751e8b465ee728b)  -> (artifact id: '6a92eab6e24af63944dba47b418b250b') in 0.044135 seconds 
  Import took 0.057840 seconds .

========================================================================
Received Import Request.
  Time since last request: 3.024141 seconds.
  path: Assets/Prefab/WoodBox1.prefab
  artifactKey: Guid(8314e1830083f9f4f82b2379066709c9) Importer(815301076,1909f56bfc062723c751e8b465ee728b)
Start importing Assets/Prefab/WoodBox1.prefab using Guid(8314e1830083f9f4f82b2379066709c9) Importer(815301076,1909f56bfc062723c751e8b465ee728b)  -> (artifact id: '99c1038052fffedc0b24bedad202dd4d') in 0.062715 seconds 
  Import took 0.082702 seconds .

========================================================================
Received Import Request.
  Time since last request: 19.487545 seconds.
  path: Assets/Prefab/WoodBox6.prefab
  artifactKey: Guid(969fd84a4393b094c866011147353d82) Importer(815301076,1909f56bfc062723c751e8b465ee728b)
Start importing Assets/Prefab/WoodBox6.prefab using Guid(969fd84a4393b094c866011147353d82) Importer(815301076,1909f56bfc062723c751e8b465ee728b)  -> (artifact id: 'a198989b4cc2453675778440ae65ba73') in 0.049393 seconds 
  Import took 0.079537 seconds .

========================================================================
Received Import Request.
  Time since last request: 16.567714 seconds.
  path: Assets/Prefab/WoodBox7.prefab
  artifactKey: Guid(af75e01a54476ae40a12487906dc9945) Importer(815301076,1909f56bfc062723c751e8b465ee728b)
Start importing Assets/Prefab/WoodBox7.prefab using Guid(af75e01a54476ae40a12487906dc9945) Importer(815301076,1909f56bfc062723c751e8b465ee728b)  -> (artifact id: 'a139862151fae268023a3ebd0b51e4d6') in 0.039579 seconds 
  Import took 0.045951 seconds .

========================================================================
Received Import Request.
  Time since last request: 2.970480 seconds.
  path: Assets/Prefab/WoodBox7.prefab
  artifactKey: Guid(af75e01a54476ae40a12487906dc9945) Importer(815301076,1909f56bfc062723c751e8b465ee728b)
Start importing Assets/Prefab/WoodBox7.prefab using Guid(af75e01a54476ae40a12487906dc9945) Importer(815301076,1909f56bfc062723c751e8b465ee728b)  -> (artifact id: 'a5646d170be5f0522282af43619b904e') in 0.031961 seconds 
  Import took 0.035651 seconds .

========================================================================
Received Import Request.
  Time since last request: 9.814994 seconds.
  path: Assets/Prefab/WoodBox8.prefab
  artifactKey: Guid(02c79fff194900945b00ae00971b14fa) Importer(815301076,1909f56bfc062723c751e8b465ee728b)
Start importing Assets/Prefab/WoodBox8.prefab using Guid(02c79fff194900945b00ae00971b14fa) Importer(815301076,1909f56bfc062723c751e8b465ee728b)  -> (artifact id: 'c98d2a6305a5bdd1ca41ec49fbde21ed') in 0.037717 seconds 
  Import took 0.050406 seconds .

========================================================================
Received Import Request.
  Time since last request: 11.047089 seconds.
  path: Assets/Prefab/WoodBox9.prefab
  artifactKey: Guid(9429924b756017d498ceeba8eac4286b) Importer(815301076,1909f56bfc062723c751e8b465ee728b)
Start importing Assets/Prefab/WoodBox9.prefab using Guid(9429924b756017d498ceeba8eac4286b) Importer(815301076,1909f56bfc062723c751e8b465ee728b)  -> (artifact id: '4f3f1c7a26c8ba252d00c5e773eaf118') in 0.028864 seconds 
  Import took 0.048974 seconds .

========================================================================
Received Import Request.
  Time since last request: 13.441219 seconds.
  path: Assets/Prefab/WoodBox10 1.prefab
  artifactKey: Guid(b178b88170b87ff44ae1aa261baa7a76) Importer(815301076,1909f56bfc062723c751e8b465ee728b)
Start importing Assets/Prefab/WoodBox10 1.prefab using Guid(b178b88170b87ff44ae1aa261baa7a76) Importer(815301076,1909f56bfc062723c751e8b465ee728b)  -> (artifact id: 'a488fb0c0099d11b41ff9acb55ce40a4') in 0.061533 seconds 
  Import took 0.078159 seconds .

========================================================================
Received Import Request.
  Time since last request: 13.366131 seconds.
  path: Assets/Prefab/WoodBox10.prefab
  artifactKey: Guid(44d1a049de223e24dbc5adf80e5b23c2) Importer(815301076,1909f56bfc062723c751e8b465ee728b)
Start importing Assets/Prefab/WoodBox10.prefab using Guid(44d1a049de223e24dbc5adf80e5b23c2) Importer(815301076,1909f56bfc062723c751e8b465ee728b)  -> (artifact id: 'ada68c320884e092733471a80d0a0b88') in 0.050232 seconds 
  Import took 0.071830 seconds .

========================================================================
Received Prepare
Registering precompiled user dll's ...
Registered in 0.005755 seconds.
Begin MonoManager ReloadAssembly
Native extension for WindowsStandalone target not found
Refreshing native plugins compatible for Editor in 0.42 ms, found 2 plugins.
Preloading 0 native plugins for Editor in 0.00 ms.
Mono: successfully reloaded assembly
- Completed reload, in  1.174 seconds
Domain Reload Profiling:
	ReloadAssembly (1174ms)
		BeginReloadAssembly (129ms)
			ExecutionOrderSort (0ms)
			DisableScriptedObjects (5ms)
			BackupInstance (0ms)
			ReleaseScriptingObjects (0ms)
			CreateAndSetChildDomain (38ms)
		EndReloadAssembly (973ms)
			LoadAssemblies (112ms)
			RebuildTransferFunctionScriptingTraits (0ms)
			SetupTypeCache (371ms)
			ReleaseScriptCaches (1ms)
			RebuildScriptCaches (47ms)
			SetupLoadedEditorAssemblies (335ms)
				LogAssemblyErrors (0ms)
				InitializePlatformSupportModulesInManaged (5ms)
				SetLoadedEditorAssemblies (1ms)
				RefreshPlugins (0ms)
				BeforeProcessingInitializeOnLoad (98ms)
				ProcessInitializeOnLoadAttributes (216ms)
				ProcessInitializeOnLoadMethodAttributes (12ms)
				AfterProcessingInitializeOnLoad (4ms)
				EditorAssembliesLoaded (0ms)
			ExecutionOrderSort2 (0ms)
			AwakeInstancesAfterBackupRestoration (9ms)
Platform modules already initialized, skipping
Refreshing native plugins compatible for Editor in 0.38 ms, found 2 plugins.
Preloading 0 native plugins for Editor in 0.00 ms.
Unloading 1500 Unused Serialized files (Serialized files now loaded: 0)
System memory in use before: 72.0 MB.
System memory in use after: 72.1 MB.

Unloading 14 unused Assets to reduce memory usage. Loaded Objects now: 1947.
Total: 2.863700 ms (FindLiveObjects: 0.160100 ms CreateObjectMapping: 0.117400 ms MarkObjects: 2.564100 ms  DeleteObjects: 0.021200 ms)

AssetImportParameters requested are different than current active one (requested -> active):
  custom:framework-win-MediaFoundation: 216162199b28c13a410421893ffa2e32 -> 
  custom:video-decoder-ogg-theora: a1e56fd34408186e4bbccfd4996cb3dc -> 
  custom:container-muxer-webm: aa71ff27fc2769a1b78a27578f13a17b -> 
  custom:container-demuxer-webm: 4f35f7cbe854078d1ac9338744f61a02 -> 
  custom:container-demuxer-ogg: 62fdf1f143b41e24485cea50d1cbac27 -> 
  custom:video-encoder-webm-vp8: eb34c28f22e8b96e1ab97ce403110664 -> 
  custom:video-decoder-webm-vp8: 9c59270c3fd7afecdb556c50c9e8de78 -> 
  custom:audio-decoder-ogg-vorbis: bf7c407c2cedff20999df2af8eb42d56 -> 
  custom:audio-encoder-webm-vorbis: bf7c407c2cedff20999df2af8eb42d56 -> 
========================================================================
Received Prepare
Registering precompiled user dll's ...
Registered in 0.009708 seconds.
Begin MonoManager ReloadAssembly
Native extension for WindowsStandalone target not found
Refreshing native plugins compatible for Editor in 0.47 ms, found 2 plugins.
Preloading 0 native plugins for Editor in 0.00 ms.
Mono: successfully reloaded assembly
- Completed reload, in  1.288 seconds
Domain Reload Profiling:
	ReloadAssembly (1289ms)
		BeginReloadAssembly (136ms)
			ExecutionOrderSort (0ms)
			DisableScriptedObjects (5ms)
			BackupInstance (0ms)
			ReleaseScriptingObjects (0ms)
			CreateAndSetChildDomain (40ms)
		EndReloadAssembly (1084ms)
			LoadAssemblies (115ms)
			RebuildTransferFunctionScriptingTraits (0ms)
			SetupTypeCache (406ms)
			ReleaseScriptCaches (1ms)
			RebuildScriptCaches (45ms)
			SetupLoadedEditorAssemblies (394ms)
				LogAssemblyErrors (0ms)
				InitializePlatformSupportModulesInManaged (5ms)
				SetLoadedEditorAssemblies (1ms)
				RefreshPlugins (1ms)
				BeforeProcessingInitializeOnLoad (125ms)
				ProcessInitializeOnLoadAttributes (243ms)
				ProcessInitializeOnLoadMethodAttributes (15ms)
				AfterProcessingInitializeOnLoad (3ms)
				EditorAssembliesLoaded (0ms)
			ExecutionOrderSort2 (0ms)
			AwakeInstancesAfterBackupRestoration (9ms)
Platform modules already initialized, skipping
Refreshing native plugins compatible for Editor in 0.40 ms, found 2 plugins.
Preloading 0 native plugins for Editor in 0.00 ms.
Unloading 1500 Unused Serialized files (Serialized files now loaded: 0)
System memory in use before: 72.0 MB.
System memory in use after: 72.1 MB.

Unloading 14 unused Assets to reduce memory usage. Loaded Objects now: 1949.
Total: 3.683200 ms (FindLiveObjects: 0.149400 ms CreateObjectMapping: 0.061900 ms MarkObjects: 3.449700 ms  DeleteObjects: 0.020600 ms)

AssetImportParameters requested are different than current active one (requested -> active):
  custom:framework-win-MediaFoundation: 216162199b28c13a410421893ffa2e32 -> 
  custom:video-decoder-ogg-theora: a1e56fd34408186e4bbccfd4996cb3dc -> 
  custom:container-muxer-webm: aa71ff27fc2769a1b78a27578f13a17b -> 
  custom:container-demuxer-webm: 4f35f7cbe854078d1ac9338744f61a02 -> 
  custom:container-demuxer-ogg: 62fdf1f143b41e24485cea50d1cbac27 -> 
  custom:video-encoder-webm-vp8: eb34c28f22e8b96e1ab97ce403110664 -> 
  custom:video-decoder-webm-vp8: 9c59270c3fd7afecdb556c50c9e8de78 -> 
  custom:audio-decoder-ogg-vorbis: bf7c407c2cedff20999df2af8eb42d56 -> 
  custom:audio-encoder-webm-vorbis: bf7c407c2cedff20999df2af8eb42d56 -> 
========================================================================
Received Prepare
Registering precompiled user dll's ...
Registered in 0.007933 seconds.
Begin MonoManager ReloadAssembly
Native extension for WindowsStandalone target not found
Refreshing native plugins compatible for Editor in 0.47 ms, found 2 plugins.
Preloading 0 native plugins for Editor in 0.00 ms.
Mono: successfully reloaded assembly
- Completed reload, in  1.383 seconds
Domain Reload Profiling:
	ReloadAssembly (1384ms)
		BeginReloadAssembly (129ms)
			ExecutionOrderSort (0ms)
			DisableScriptedObjects (6ms)
			BackupInstance (0ms)
			ReleaseScriptingObjects (0ms)
			CreateAndSetChildDomain (39ms)
		EndReloadAssembly (1176ms)
			LoadAssemblies (125ms)
			RebuildTransferFunctionScriptingTraits (0ms)
			SetupTypeCache (453ms)
			ReleaseScriptCaches (1ms)
			RebuildScriptCaches (50ms)
			SetupLoadedEditorAssemblies (419ms)
				LogAssemblyErrors (0ms)
				InitializePlatformSupportModulesInManaged (7ms)
				SetLoadedEditorAssemblies (1ms)
				RefreshPlugins (1ms)
				BeforeProcessingInitializeOnLoad (123ms)
				ProcessInitializeOnLoadAttributes (269ms)
				ProcessInitializeOnLoadMethodAttributes (15ms)
				AfterProcessingInitializeOnLoad (4ms)
				EditorAssembliesLoaded (0ms)
			ExecutionOrderSort2 (0ms)
			AwakeInstancesAfterBackupRestoration (8ms)
Platform modules already initialized, skipping
Refreshing native plugins compatible for Editor in 0.45 ms, found 2 plugins.
Preloading 0 native plugins for Editor in 0.00 ms.
Unloading 1500 Unused Serialized files (Serialized files now loaded: 0)
System memory in use before: 72.0 MB.
System memory in use after: 72.1 MB.

Unloading 14 unused Assets to reduce memory usage. Loaded Objects now: 1951.
Total: 3.036500 ms (FindLiveObjects: 0.147500 ms CreateObjectMapping: 0.056100 ms MarkObjects: 2.813300 ms  DeleteObjects: 0.018200 ms)

AssetImportParameters requested are different than current active one (requested -> active):
  custom:framework-win-MediaFoundation: 216162199b28c13a410421893ffa2e32 -> 
  custom:video-decoder-ogg-theora: a1e56fd34408186e4bbccfd4996cb3dc -> 
  custom:container-muxer-webm: aa71ff27fc2769a1b78a27578f13a17b -> 
  custom:container-demuxer-webm: 4f35f7cbe854078d1ac9338744f61a02 -> 
  custom:container-demuxer-ogg: 62fdf1f143b41e24485cea50d1cbac27 -> 
  custom:video-encoder-webm-vp8: eb34c28f22e8b96e1ab97ce403110664 -> 
  custom:video-decoder-webm-vp8: 9c59270c3fd7afecdb556c50c9e8de78 -> 
  custom:audio-decoder-ogg-vorbis: bf7c407c2cedff20999df2af8eb42d56 -> 
  custom:audio-encoder-webm-vorbis: bf7c407c2cedff20999df2af8eb42d56 -> 
========================================================================
Received Prepare
Registering precompiled user dll's ...
Registered in 0.006360 seconds.
Begin MonoManager ReloadAssembly
Native extension for WindowsStandalone target not found
Refreshing native plugins compatible for Editor in 0.37 ms, found 2 plugins.
Preloading 0 native plugins for Editor in 0.00 ms.
Mono: successfully reloaded assembly
- Completed reload, in  1.133 seconds
Domain Reload Profiling:
	ReloadAssembly (1134ms)
		BeginReloadAssembly (128ms)
			ExecutionOrderSort (0ms)
			DisableScriptedObjects (6ms)
			BackupInstance (0ms)
			ReleaseScriptingObjects (0ms)
			CreateAndSetChildDomain (38ms)
		EndReloadAssembly (938ms)
			LoadAssemblies (108ms)
			RebuildTransferFunctionScriptingTraits (0ms)
			SetupTypeCache (332ms)
			ReleaseScriptCaches (1ms)
			RebuildScriptCaches (47ms)
			SetupLoadedEditorAssemblies (349ms)
				LogAssemblyErrors (0ms)
				InitializePlatformSupportModulesInManaged (5ms)
				SetLoadedEditorAssemblies (1ms)
				RefreshPlugins (0ms)
				BeforeProcessingInitializeOnLoad (118ms)
				ProcessInitializeOnLoadAttributes (211ms)
				ProcessInitializeOnLoadMethodAttributes (10ms)
				AfterProcessingInitializeOnLoad (4ms)
				EditorAssembliesLoaded (0ms)
			ExecutionOrderSort2 (0ms)
			AwakeInstancesAfterBackupRestoration (8ms)
Platform modules already initialized, skipping
Refreshing native plugins compatible for Editor in 0.39 ms, found 2 plugins.
Preloading 0 native plugins for Editor in 0.00 ms.
Unloading 1500 Unused Serialized files (Serialized files now loaded: 0)
System memory in use before: 72.0 MB.
System memory in use after: 72.1 MB.

Unloading 14 unused Assets to reduce memory usage. Loaded Objects now: 1953.
Total: 3.013300 ms (FindLiveObjects: 0.256200 ms CreateObjectMapping: 0.069900 ms MarkObjects: 2.668300 ms  DeleteObjects: 0.017500 ms)

AssetImportParameters requested are different than current active one (requested -> active):
  custom:framework-win-MediaFoundation: 216162199b28c13a410421893ffa2e32 -> 
  custom:video-decoder-ogg-theora: a1e56fd34408186e4bbccfd4996cb3dc -> 
  custom:container-muxer-webm: aa71ff27fc2769a1b78a27578f13a17b -> 
  custom:container-demuxer-webm: 4f35f7cbe854078d1ac9338744f61a02 -> 
  custom:container-demuxer-ogg: 62fdf1f143b41e24485cea50d1cbac27 -> 
  custom:video-encoder-webm-vp8: eb34c28f22e8b96e1ab97ce403110664 -> 
  custom:video-decoder-webm-vp8: 9c59270c3fd7afecdb556c50c9e8de78 -> 
  custom:audio-decoder-ogg-vorbis: bf7c407c2cedff20999df2af8eb42d56 -> 
  custom:audio-encoder-webm-vorbis: bf7c407c2cedff20999df2af8eb42d56 -> 
AssetImportWorkerClient::OnTransportError - code=2 error=End of file
